Ign http://archive.ubuntu.com trusty InRelease
Get:1 http://security.ubuntu.com trusty-security InRelease [65.9 kB]
Get:2 http://archive.ubuntu.com trusty-updates InRelease [65.9 kB]
Hit http://archive.ubuntu.com trusty-backports InRelease
Hit http://archive.ubuntu.com trusty Release.gpg
Get:3 http://security.ubuntu.com trusty-security/main Sources [119 kB]
Get:4 http://archive.ubuntu.com trusty-updates/main Sources [380 kB]
Get:5 http://archive.ubuntu.com trusty-updates/restricted Sources [5,360 B]
Get:6 http://archive.ubuntu.com trusty-updates/universe Sources [162 kB]
Get:7 http://security.ubuntu.com trusty-security/universe Sources [40.3 kB]
Get:8 http://archive.ubuntu.com trusty-updates/multiverse Sources [7,137 B]
Get:9 http://archive.ubuntu.com trusty-updates/main amd64 Packages [888 kB]
Get:10 http://security.ubuntu.com trusty-security/main amd64 Packages [523 kB]
Get:11 http://archive.ubuntu.com trusty-updates/restricted amd64 Packages [15.9 kB]
Get:12 http://security.ubuntu.com trusty-security/universe amd64 Packages [135 kB]
Get:13 http://archive.ubuntu.com trusty-updates/universe amd64 Packages [372 kB]
Get:14 http://security.ubuntu.com trusty-security/main Translation-en [287 kB]
Get:15 http://archive.ubuntu.com trusty-updates/multiverse amd64 Packages [14.8 kB]
Get:16 http://archive.ubuntu.com trusty-updates/main Translation-en [430 kB]
Get:17 http://archive.ubuntu.com trusty-updates/multiverse Translation-en [7,661 B]
Get:18 http://archive.ubuntu.com trusty-updates/restricted Translation-en [3,699 B]
Get:19 http://archive.ubuntu.com trusty-updates/universe Translation-en [197 kB]
Hit http://archive.ubuntu.com trusty Release
Get:20 http://security.ubuntu.com trusty-security/universe Translation-en [80.8 kB]
Get:21 http://archive.ubuntu.com trusty-backports/main Sources [9,561 B]
Get:22 http://archive.ubuntu.com trusty-backports/restricted Sources [28 B]
Get:23 http://archive.ubuntu.com trusty-backports/universe Sources [35.2 kB]
Get:24 http://archive.ubuntu.com trusty-backports/multiverse Sources [1,898 B]
Hit http://archive.ubuntu.com trusty-backports/main amd64 Packages
Hit http://archive.ubuntu.com trusty-backports/restricted amd64 Packages
Hit http://archive.ubuntu.com trusty-backports/universe amd64 Packages
Hit http://archive.ubuntu.com trusty-backports/multiverse amd64 Packages
Hit http://archive.ubuntu.com trusty-backports/main Translation-en
Hit http://archive.ubuntu.com trusty-backports/multiverse Translation-en
Hit http://archive.ubuntu.com trusty-backports/restricted Translation-en
Hit http://archive.ubuntu.com trusty-backports/universe Translation-en
Get:25 http://archive.ubuntu.com trusty/main Sources [1,064 kB]
Get:26 http://archive.ubuntu.com trusty/restricted Sources [5,433 B]
Get:27 http://archive.ubuntu.com trusty/universe Sources [6,399 kB]
Get:28 http://archive.ubuntu.com trusty/multiverse Sources [174 kB]
Hit http://archive.ubuntu.com trusty/main amd64 Packages
Hit http://archive.ubuntu.com trusty/restricted amd64 Packages
Hit http://archive.ubuntu.com trusty/universe amd64 Packages
Hit http://archive.ubuntu.com trusty/multiverse amd64 Packages
Hit http://archive.ubuntu.com trusty/main Translation-en
Hit http://archive.ubuntu.com trusty/multiverse Translation-en
Hit http://archive.ubuntu.com trusty/restricted Translation-en
Hit http://archive.ubuntu.com trusty/universe Translation-en
Ign http://archive.ubuntu.com trusty/main Translation-en_US
Ign http://archive.ubuntu.com trusty/multiverse Translation-en_US
Ign http://archive.ubuntu.com trusty/restricted Translation-en_US
Ign http://archive.ubuntu.com trusty/universe Translation-en_US
Fetched 11.5 MB in 11s (1,034 kB/s)
Reading package lists...
Reading package lists...
Building dependency tree...
Reading state information...
The following extra packages will be installed:
  comerr-dev krb5-multidev libgssrpc4 libkadm5clnt-mit9 libkadm5srv-mit9
  libkdb5-7 libpq5 libssl-dev libssl-doc zlib1g-dev
Suggested packages:
  doc-base krb5-doc krb5-user postgresql-doc-9.3
The following NEW packages will be installed:
  comerr-dev krb5-multidev libgssrpc4 libkadm5clnt-mit9 libkadm5srv-mit9
  libkdb5-7 libpq-dev libpq5 libssl-dev libssl-doc zlib1g-dev
0 upgraded, 11 newly installed, 0 to remove and 0 not upgraded.
Need to get 2,771 kB of archives.
After this operation, 11.1 MB of additional disk space will be used.
Get:1 http://archive.ubuntu.com/ubuntu/ trusty-updates/main libgssrpc4 amd64 1.12+dfsg-2ubuntu5.2 [53.1 kB]
Get:2 http://archive.ubuntu.com/ubuntu/ trusty-updates/main libkadm5clnt-mit9 amd64 1.12+dfsg-2ubuntu5.2 [36.2 kB]
Get:3 http://archive.ubuntu.com/ubuntu/ trusty-updates/main libkdb5-7 amd64 1.12+dfsg-2ubuntu5.2 [36.2 kB]
Get:4 http://archive.ubuntu.com/ubuntu/ trusty-updates/main libkadm5srv-mit9 amd64 1.12+dfsg-2ubuntu5.2 [50.4 kB]
Get:5 http://archive.ubuntu.com/ubuntu/ trusty-updates/main comerr-dev amd64 2.1-1.42.9-3ubuntu1.3 [38.3 kB]
Get:6 http://archive.ubuntu.com/ubuntu/ trusty-updates/main krb5-multidev amd64 1.12+dfsg-2ubuntu5.2 [111 kB]
Get:7 http://archive.ubuntu.com/ubuntu/ trusty-updates/main libpq5 amd64 9.3.14-0ubuntu0.14.04 [78.8 kB]
Get:8 http://archive.ubuntu.com/ubuntu/ trusty/main zlib1g-dev amd64 1:1.2.8.dfsg-1ubuntu1 [183 kB]
Get:9 http://archive.ubuntu.com/ubuntu/ trusty-updates/main libssl-dev amd64 1.0.1f-1ubuntu2.19 [1,073 kB]
Get:10 http://archive.ubuntu.com/ubuntu/ trusty-updates/main libpq-dev amd64 9.3.14-0ubuntu0.14.04 [140 kB]
Get:11 http://archive.ubuntu.com/ubuntu/ trusty-updates/main libssl-doc all 1.0.1f-1ubuntu2.19 [971 kB]
dpkg-preconfigure: unable to re-open stdin: No such file or directory
Fetched 2,771 kB in 1s (1,759 kB/s)
Selecting previously unselected package libgssrpc4:amd64.
(Reading database ... 62998 files and directories currently installed.)
Preparing to unpack .../libgssrpc4_1.12+dfsg-2ubuntu5.2_amd64.deb ...
Unpacking libgssrpc4:amd64 (1.12+dfsg-2ubuntu5.2) ...
Selecting previously unselected package libkadm5clnt-mit9:amd64.
Preparing to unpack .../libkadm5clnt-mit9_1.12+dfsg-2ubuntu5.2_amd64.deb ...
Unpacking libkadm5clnt-mit9:amd64 (1.12+dfsg-2ubuntu5.2) ...
Selecting previously unselected package libkdb5-7:amd64.
Preparing to unpack .../libkdb5-7_1.12+dfsg-2ubuntu5.2_amd64.deb ...
Unpacking libkdb5-7:amd64 (1.12+dfsg-2ubuntu5.2) ...
Selecting previously unselected package libkadm5srv-mit9:amd64.
Preparing to unpack .../libkadm5srv-mit9_1.12+dfsg-2ubuntu5.2_amd64.deb ...
Unpacking libkadm5srv-mit9:amd64 (1.12+dfsg-2ubuntu5.2) ...
Selecting previously unselected package comerr-dev.
Preparing to unpack .../comerr-dev_2.1-1.42.9-3ubuntu1.3_amd64.deb ...
Unpacking comerr-dev (2.1-1.42.9-3ubuntu1.3) ...
Selecting previously unselected package krb5-multidev.
Preparing to unpack .../krb5-multidev_1.12+dfsg-2ubuntu5.2_amd64.deb ...
Unpacking krb5-multidev (1.12+dfsg-2ubuntu5.2) ...
Selecting previously unselected package libpq5.
Preparing to unpack .../libpq5_9.3.14-0ubuntu0.14.04_amd64.deb ...
Unpacking libpq5 (9.3.14-0ubuntu0.14.04) ...
Selecting previously unselected package zlib1g-dev:amd64.
Preparing to unpack .../zlib1g-dev_1%3a1.2.8.dfsg-1ubuntu1_amd64.deb ...
Unpacking zlib1g-dev:amd64 (1:1.2.8.dfsg-1ubuntu1) ...
Selecting previously unselected package libssl-dev:amd64.
Preparing to unpack .../libssl-dev_1.0.1f-1ubuntu2.19_amd64.deb ...
Unpacking libssl-dev:amd64 (1.0.1f-1ubuntu2.19) ...
Selecting previously unselected package libpq-dev.
Preparing to unpack .../libpq-dev_9.3.14-0ubuntu0.14.04_amd64.deb ...
Unpacking libpq-dev (9.3.14-0ubuntu0.14.04) ...
Selecting previously unselected package libssl-doc.
Preparing to unpack .../libssl-doc_1.0.1f-1ubuntu2.19_all.deb ...
Unpacking libssl-doc (1.0.1f-1ubuntu2.19) ...
Processing triggers for install-info (5.2.0.dfsg.1-2) ...
Processing triggers for man-db (2.6.7.1-1ubuntu1) ...
Setting up libgssrpc4:amd64 (1.12+dfsg-2ubuntu5.2) ...
Setting up libkadm5clnt-mit9:amd64 (1.12+dfsg-2ubuntu5.2) ...
Setting up libkdb5-7:amd64 (1.12+dfsg-2ubuntu5.2) ...
Setting up libkadm5srv-mit9:amd64 (1.12+dfsg-2ubuntu5.2) ...
Setting up comerr-dev (2.1-1.42.9-3ubuntu1.3) ...
Setting up krb5-multidev (1.12+dfsg-2ubuntu5.2) ...
Setting up libpq5 (9.3.14-0ubuntu0.14.04) ...
Setting up zlib1g-dev:amd64 (1:1.2.8.dfsg-1ubuntu1) ...
Setting up libssl-dev:amd64 (1.0.1f-1ubuntu2.19) ...
Setting up libpq-dev (9.3.14-0ubuntu0.14.04) ...
Setting up libssl-doc (1.0.1f-1ubuntu2.19) ...
Processing triggers for libc-bin (2.19-0ubuntu6.9) ...
Reading package lists...
Building dependency tree...
Reading state information...
The following extra packages will be installed:
  build-essential dpkg-dev g++ g++-4.8 libalgorithm-diff-perl
  libalgorithm-diff-xs-perl libalgorithm-merge-perl libdpkg-perl libexpat1-dev
  libfile-fcntllock-perl libpython3-dev libpython3.4 libpython3.4-dev
  libstdc++-4.8-dev python-chardet-whl python-colorama-whl python-distlib-whl
  python-html5lib-whl python-pip-whl python-requests-whl python-setuptools-whl
  python-six-whl python-urllib3-whl python3-chardet python3-colorama
  python3-dev python3-distlib python3-html5lib python3-pkg-resources
  python3-requests python3-setuptools python3-six python3-urllib3
  python3-wheel python3.4-dev
Suggested packages:
  debian-keyring g++-multilib g++-4.8-multilib gcc-4.8-doc libstdc++6-4.8-dbg
  libstdc++-4.8-doc python3-genshi python3-lxml
The following NEW packages will be installed:
  build-essential dpkg-dev g++ g++-4.8 libalgorithm-diff-perl
  libalgorithm-diff-xs-perl libalgorithm-merge-perl libdpkg-perl libexpat1-dev
  libfile-fcntllock-perl libpython3-dev libpython3.4 libpython3.4-dev
  libstdc++-4.8-dev python-chardet-whl python-colorama-whl python-distlib-whl
  python-html5lib-whl python-pip-whl python-requests-whl python-setuptools-whl
  python-six-whl python-urllib3-whl python3-chardet python3-colorama
  python3-dev python3-distlib python3-html5lib python3-pip
  python3-pkg-resources python3-requests python3-setuptools python3-six
  python3-urllib3 python3-wheel python3.4-dev
0 upgraded, 36 newly installed, 0 to remove and 0 not upgraded.
Need to get 41.6 MB of archives.
After this operation, 84.9 MB of additional disk space will be used.
Get:1 http://archive.ubuntu.com/ubuntu/ trusty-updates/main libpython3.4 amd64 3.4.3-1ubuntu1~14.04.3 [1,308 kB]
Get:2 http://archive.ubuntu.com/ubuntu/ trusty-updates/main libexpat1-dev amd64 2.1.0-4ubuntu1.3 [115 kB]
Get:3 http://archive.ubuntu.com/ubuntu/ trusty-updates/main libpython3.4-dev amd64 3.4.3-1ubuntu1~14.04.3 [17.8 MB]
Get:4 http://archive.ubuntu.com/ubuntu/ trusty-updates/main libstdc++-4.8-dev amd64 4.8.4-2ubuntu1~14.04.3 [1,053 kB]
Get:5 http://archive.ubuntu.com/ubuntu/ trusty-updates/main g++-4.8 amd64 4.8.4-2ubuntu1~14.04.3 [18.1 MB]
Get:6 http://archive.ubuntu.com/ubuntu/ trusty/main g++ amd64 4:4.8.2-1ubuntu6 [1,490 B]
Get:7 http://archive.ubuntu.com/ubuntu/ trusty-updates/main libdpkg-perl all 1.17.5ubuntu5.7 [179 kB]
Get:8 http://archive.ubuntu.com/ubuntu/ trusty-updates/main dpkg-dev all 1.17.5ubuntu5.7 [726 kB]
Get:9 http://archive.ubuntu.com/ubuntu/ trusty/main build-essential amd64 11.6ubuntu6 [4,838 B]
Get:10 http://archive.ubuntu.com/ubuntu/ trusty/main libalgorithm-diff-perl all 1.19.02-3 [50.0 kB]
Get:11 http://archive.ubuntu.com/ubuntu/ trusty/main libalgorithm-diff-xs-perl amd64 0.04-2build4 [12.6 kB]
Get:12 http://archive.ubuntu.com/ubuntu/ trusty/main libalgorithm-merge-perl all 0.08-2 [12.7 kB]
Get:13 http://archive.ubuntu.com/ubuntu/ trusty/main libfile-fcntllock-perl amd64 0.14-2build1 [15.9 kB]
Get:14 http://archive.ubuntu.com/ubuntu/ trusty/main libpython3-dev amd64 3.4.0-0ubuntu2 [7,002 B]
Get:15 http://archive.ubuntu.com/ubuntu/ trusty-updates/main python3-pkg-resources all 3.3-1ubuntu2 [31.7 kB]
Get:16 http://archive.ubuntu.com/ubuntu/ trusty-updates/universe python-chardet-whl all 2.2.1-2~ubuntu1 [170 kB]
Get:17 http://archive.ubuntu.com/ubuntu/ trusty-updates/universe python-colorama-whl all 0.2.5-0.1ubuntu2 [18.2 kB]
Get:18 http://archive.ubuntu.com/ubuntu/ trusty-updates/universe python-distlib-whl all 0.1.8-1ubuntu1 [140 kB]
Get:19 http://archive.ubuntu.com/ubuntu/ trusty-updates/main python-html5lib-whl all 0.999-3~ubuntu1 [109 kB]
Get:20 http://archive.ubuntu.com/ubuntu/ trusty-updates/main python-six-whl all 1.5.2-1ubuntu1 [10.5 kB]
Get:21 http://archive.ubuntu.com/ubuntu/ trusty-updates/main python-urllib3-whl all 1.7.1-1ubuntu4 [64.0 kB]
Get:22 http://archive.ubuntu.com/ubuntu/ trusty-updates/main python-requests-whl all 2.2.1-1ubuntu0.3 [227 kB]
Get:23 http://archive.ubuntu.com/ubuntu/ trusty-updates/main python-setuptools-whl all 3.3-1ubuntu2 [244 kB]
Get:24 http://archive.ubuntu.com/ubuntu/ trusty-updates/universe python-pip-whl all 1.5.4-1ubuntu4 [111 kB]
Get:25 http://archive.ubuntu.com/ubuntu/ trusty-updates/main python3-chardet all 2.2.1-2~ubuntu1 [96.5 kB]
Get:26 http://archive.ubuntu.com/ubuntu/ trusty-updates/universe python3-colorama all 0.2.5-0.1ubuntu2 [12.0 kB]
Get:27 http://archive.ubuntu.com/ubuntu/ trusty-updates/main python3.4-dev amd64 3.4.3-1ubuntu1~14.04.3 [419 kB]
Get:28 http://archive.ubuntu.com/ubuntu/ trusty/main python3-dev amd64 3.4.0-0ubuntu2 [1,192 B]
Get:29 http://archive.ubuntu.com/ubuntu/ trusty-updates/universe python3-distlib all 0.1.8-1ubuntu1 [113 kB]
Get:30 http://archive.ubuntu.com/ubuntu/ trusty-updates/main python3-six all 1.5.2-1ubuntu1 [8,310 B]
Get:31 http://archive.ubuntu.com/ubuntu/ trusty-updates/universe python3-html5lib all 0.999-3~ubuntu1 [79.7 kB]
Get:32 http://archive.ubuntu.com/ubuntu/ trusty-updates/main python3-urllib3 all 1.7.1-1ubuntu4 [39.6 kB]
Get:33 http://archive.ubuntu.com/ubuntu/ trusty-updates/main python3-requests all 2.2.1-1ubuntu0.3 [43.0 kB]
Get:34 http://archive.ubuntu.com/ubuntu/ trusty-updates/main python3-setuptools all 3.3-1ubuntu2 [144 kB]
Get:35 http://archive.ubuntu.com/ubuntu/ trusty-updates/universe python3-pip all 1.5.4-1ubuntu4 [80.3 kB]
Get:36 http://archive.ubuntu.com/ubuntu/ trusty-updates/main python3-wheel all 0.24.0-1~ubuntu1 [44.8 kB]
dpkg-preconfigure: unable to re-open stdin: No such file or directory
Fetched 41.6 MB in 13s (3,045 kB/s)
Selecting previously unselected package libpython3.4:amd64.
(Reading database ... 64593 files and directories currently installed.)
Preparing to unpack .../libpython3.4_3.4.3-1ubuntu1~14.04.3_amd64.deb ...
Unpacking libpython3.4:amd64 (3.4.3-1ubuntu1~14.04.3) ...
Selecting previously unselected package libexpat1-dev:amd64.
Preparing to unpack .../libexpat1-dev_2.1.0-4ubuntu1.3_amd64.deb ...
Unpacking libexpat1-dev:amd64 (2.1.0-4ubuntu1.3) ...
Selecting previously unselected package libpython3.4-dev:amd64.
Preparing to unpack .../libpython3.4-dev_3.4.3-1ubuntu1~14.04.3_amd64.deb ...
Unpacking libpython3.4-dev:amd64 (3.4.3-1ubuntu1~14.04.3) ...
Selecting previously unselected package libstdc++-4.8-dev:amd64.
Preparing to unpack .../libstdc++-4.8-dev_4.8.4-2ubuntu1~14.04.3_amd64.deb ...
Unpacking libstdc++-4.8-dev:amd64 (4.8.4-2ubuntu1~14.04.3) ...
Selecting previously unselected package g++-4.8.
Preparing to unpack .../g++-4.8_4.8.4-2ubuntu1~14.04.3_amd64.deb ...
Unpacking g++-4.8 (4.8.4-2ubuntu1~14.04.3) ...
Selecting previously unselected package g++.
Preparing to unpack .../g++_4%3a4.8.2-1ubuntu6_amd64.deb ...
Unpacking g++ (4:4.8.2-1ubuntu6) ...
Selecting previously unselected package libdpkg-perl.
Preparing to unpack .../libdpkg-perl_1.17.5ubuntu5.7_all.deb ...
Unpacking libdpkg-perl (1.17.5ubuntu5.7) ...
Selecting previously unselected package dpkg-dev.
Preparing to unpack .../dpkg-dev_1.17.5ubuntu5.7_all.deb ...
Unpacking dpkg-dev (1.17.5ubuntu5.7) ...
Selecting previously unselected package build-essential.
Preparing to unpack .../build-essential_11.6ubuntu6_amd64.deb ...
Unpacking build-essential (11.6ubuntu6) ...
Selecting previously unselected package libalgorithm-diff-perl.
Preparing to unpack .../libalgorithm-diff-perl_1.19.02-3_all.deb ...
Unpacking libalgorithm-diff-perl (1.19.02-3) ...
Selecting previously unselected package libalgorithm-diff-xs-perl.
Preparing to unpack .../libalgorithm-diff-xs-perl_0.04-2build4_amd64.deb ...
Unpacking libalgorithm-diff-xs-perl (0.04-2build4) ...
Selecting previously unselected package libalgorithm-merge-perl.
Preparing to unpack .../libalgorithm-merge-perl_0.08-2_all.deb ...
Unpacking libalgorithm-merge-perl (0.08-2) ...
Selecting previously unselected package libfile-fcntllock-perl.
Preparing to unpack .../libfile-fcntllock-perl_0.14-2build1_amd64.deb ...
Unpacking libfile-fcntllock-perl (0.14-2build1) ...
Selecting previously unselected package libpython3-dev:amd64.
Preparing to unpack .../libpython3-dev_3.4.0-0ubuntu2_amd64.deb ...
Unpacking libpython3-dev:amd64 (3.4.0-0ubuntu2) ...
Selecting previously unselected package python3-pkg-resources.
Preparing to unpack .../python3-pkg-resources_3.3-1ubuntu2_all.deb ...
Unpacking python3-pkg-resources (3.3-1ubuntu2) ...
Selecting previously unselected package python-chardet-whl.
Preparing to unpack .../python-chardet-whl_2.2.1-2~ubuntu1_all.deb ...
Unpacking python-chardet-whl (2.2.1-2~ubuntu1) ...
Selecting previously unselected package python-colorama-whl.
Preparing to unpack .../python-colorama-whl_0.2.5-0.1ubuntu2_all.deb ...
Unpacking python-colorama-whl (0.2.5-0.1ubuntu2) ...
Selecting previously unselected package python-distlib-whl.
Preparing to unpack .../python-distlib-whl_0.1.8-1ubuntu1_all.deb ...
Unpacking python-distlib-whl (0.1.8-1ubuntu1) ...
Selecting previously unselected package python-html5lib-whl.
Preparing to unpack .../python-html5lib-whl_0.999-3~ubuntu1_all.deb ...
Unpacking python-html5lib-whl (0.999-3~ubuntu1) ...
Selecting previously unselected package python-six-whl.
Preparing to unpack .../python-six-whl_1.5.2-1ubuntu1_all.deb ...
Unpacking python-six-whl (1.5.2-1ubuntu1) ...
Selecting previously unselected package python-urllib3-whl.
Preparing to unpack .../python-urllib3-whl_1.7.1-1ubuntu4_all.deb ...
Unpacking python-urllib3-whl (1.7.1-1ubuntu4) ...
Selecting previously unselected package python-requests-whl.
Preparing to unpack .../python-requests-whl_2.2.1-1ubuntu0.3_all.deb ...
Unpacking python-requests-whl (2.2.1-1ubuntu0.3) ...
Selecting previously unselected package python-setuptools-whl.
Preparing to unpack .../python-setuptools-whl_3.3-1ubuntu2_all.deb ...
Unpacking python-setuptools-whl (3.3-1ubuntu2) ...
Selecting previously unselected package python-pip-whl.
Preparing to unpack .../python-pip-whl_1.5.4-1ubuntu4_all.deb ...
Unpacking python-pip-whl (1.5.4-1ubuntu4) ...
Selecting previously unselected package python3-chardet.
Preparing to unpack .../python3-chardet_2.2.1-2~ubuntu1_all.deb ...
Unpacking python3-chardet (2.2.1-2~ubuntu1) ...
Selecting previously unselected package python3-colorama.
Preparing to unpack .../python3-colorama_0.2.5-0.1ubuntu2_all.deb ...
Unpacking python3-colorama (0.2.5-0.1ubuntu2) ...
Selecting previously unselected package python3.4-dev.
Preparing to unpack .../python3.4-dev_3.4.3-1ubuntu1~14.04.3_amd64.deb ...
Unpacking python3.4-dev (3.4.3-1ubuntu1~14.04.3) ...
Selecting previously unselected package python3-dev.
Preparing to unpack .../python3-dev_3.4.0-0ubuntu2_amd64.deb ...
Unpacking python3-dev (3.4.0-0ubuntu2) ...
Selecting previously unselected package python3-distlib.
Preparing to unpack .../python3-distlib_0.1.8-1ubuntu1_all.deb ...
Unpacking python3-distlib (0.1.8-1ubuntu1) ...
Selecting previously unselected package python3-six.
Preparing to unpack .../python3-six_1.5.2-1ubuntu1_all.deb ...
Unpacking python3-six (1.5.2-1ubuntu1) ...
Selecting previously unselected package python3-html5lib.
Preparing to unpack .../python3-html5lib_0.999-3~ubuntu1_all.deb ...
Unpacking python3-html5lib (0.999-3~ubuntu1) ...
Selecting previously unselected package python3-urllib3.
Preparing to unpack .../python3-urllib3_1.7.1-1ubuntu4_all.deb ...
Unpacking python3-urllib3 (1.7.1-1ubuntu4) ...
Selecting previously unselected package python3-requests.
Preparing to unpack .../python3-requests_2.2.1-1ubuntu0.3_all.deb ...
Unpacking python3-requests (2.2.1-1ubuntu0.3) ...
Selecting previously unselected package python3-setuptools.
Preparing to unpack .../python3-setuptools_3.3-1ubuntu2_all.deb ...
Unpacking python3-setuptools (3.3-1ubuntu2) ...
Selecting previously unselected package python3-pip.
Preparing to unpack .../python3-pip_1.5.4-1ubuntu4_all.deb ...
Unpacking python3-pip (1.5.4-1ubuntu4) ...
Selecting previously unselected package python3-wheel.
Preparing to unpack .../python3-wheel_0.24.0-1~ubuntu1_all.deb ...
Unpacking python3-wheel (0.24.0-1~ubuntu1) ...
Processing triggers for man-db (2.6.7.1-1ubuntu1) ...
Setting up libpython3.4:amd64 (3.4.3-1ubuntu1~14.04.3) ...
Setting up libexpat1-dev:amd64 (2.1.0-4ubuntu1.3) ...
Setting up libpython3.4-dev:amd64 (3.4.3-1ubuntu1~14.04.3) ...
Setting up libstdc++-4.8-dev:amd64 (4.8.4-2ubuntu1~14.04.3) ...
Setting up g++-4.8 (4.8.4-2ubuntu1~14.04.3) ...
Setting up g++ (4:4.8.2-1ubuntu6) ...
update-alternatives: using /usr/bin/g++ to provide /usr/bin/c++ (c++) in auto mode
Setting up libdpkg-perl (1.17.5ubuntu5.7) ...
Setting up dpkg-dev (1.17.5ubuntu5.7) ...
Setting up build-essential (11.6ubuntu6) ...
Setting up libalgorithm-diff-perl (1.19.02-3) ...
Setting up libalgorithm-diff-xs-perl (0.04-2build4) ...
Setting up libalgorithm-merge-perl (0.08-2) ...
Setting up libfile-fcntllock-perl (0.14-2build1) ...
Setting up libpython3-dev:amd64 (3.4.0-0ubuntu2) ...
Setting up python3-pkg-resources (3.3-1ubuntu2) ...
Setting up python-chardet-whl (2.2.1-2~ubuntu1) ...
Setting up python-colorama-whl (0.2.5-0.1ubuntu2) ...
Setting up python-distlib-whl (0.1.8-1ubuntu1) ...
Setting up python-html5lib-whl (0.999-3~ubuntu1) ...
Setting up python-six-whl (1.5.2-1ubuntu1) ...
Setting up python-urllib3-whl (1.7.1-1ubuntu4) ...
Setting up python-requests-whl (2.2.1-1ubuntu0.3) ...
Setting up python-setuptools-whl (3.3-1ubuntu2) ...
Setting up python-pip-whl (1.5.4-1ubuntu4) ...
Setting up python3-chardet (2.2.1-2~ubuntu1) ...
Setting up python3-colorama (0.2.5-0.1ubuntu2) ...
Setting up python3.4-dev (3.4.3-1ubuntu1~14.04.3) ...
Setting up python3-dev (3.4.0-0ubuntu2) ...
Setting up python3-distlib (0.1.8-1ubuntu1) ...
Setting up python3-six (1.5.2-1ubuntu1) ...
Setting up python3-html5lib (0.999-3~ubuntu1) ...
Setting up python3-urllib3 (1.7.1-1ubuntu4) ...
Setting up python3-requests (2.2.1-1ubuntu0.3) ...
Setting up python3-setuptools (3.3-1ubuntu2) ...
Setting up python3-pip (1.5.4-1ubuntu4) ...
Setting up python3-wheel (0.24.0-1~ubuntu1) ...
Processing triggers for libc-bin (2.19-0ubuntu6.9) ...
Downloading/unpacking virtualenv
Installing collected packages: virtualenv
Successfully installed virtualenv
Cleaning up...
Using base prefix '/usr'
New python executable in /vagrant/ais_venv/bin/python3
Also creating executable in /vagrant/ais_venv/bin/python
Installing setuptools, pip, wheel...done.
Collecting Django (from -r requirements.txt (line 1))
  Downloading Django-1.10-py2.py3-none-any.whl (6.8MB)
Collecting django-cas-client (from -r requirements.txt (line 2))
  Downloading django_cas_client-1.2.0-py2.py3-none-any.whl
Collecting psycopg2 (from -r requirements.txt (line 3))
  Downloading psycopg2-2.6.2.tar.gz (376kB)
Requirement already satisfied (use --upgrade to upgrade): setuptools in ./ais_venv/lib/python3.4/site-packages (from -r requirements.txt (line 4))
Collecting uWSGI (from -r requirements.txt (line 5))
  Downloading uwsgi-2.0.13.1.tar.gz (784kB)
Requirement already satisfied (use --upgrade to upgrade): wheel in ./ais_venv/lib/python3.4/site-packages (from -r requirements.txt (line 6))
Collecting ldap3 (from -r requirements.txt (line 7))
  Downloading ldap3-1.4.0-py2.py3-none-any.whl (336kB)
Collecting django-crispy-forms (from -r requirements.txt (line 8))
  Downloading django-crispy-forms-1.6.0.tar.gz (118kB)
Collecting pyasn1>=0.1.8 (from ldap3->-r requirements.txt (line 7))
  Downloading pyasn1-0.1.9-py2.py3-none-any.whl
Building wheels for collected packages: psycopg2, uWSGI, django-crispy-forms
  Running setup.py bdist_wheel for psycopg2: started
  Running setup.py bdist_wheel for psycopg2: finished with status 'done'
  Stored in directory: /home/vagrant/.cache/pip/wheels/49/47/2a/5c3f874990ce267228c2dfe7a0589f3b0651aa590e329ad382
  Running setup.py bdist_wheel for uWSGI: started
